c:\ti-software\v2cpse2\v2cpse2-practica\week3\debug\vc141.pdb
c:\ti-software\v2cpse2\v2cpse2-practica\week3\debug\vc141.idb
c:\ti-software\v2cpse2\v2cpse2-practica\week3\debug\box.obj
c:\ti-software\v2cpse2\v2cpse2-practica\week3\debug\circle.obj
c:\ti-software\v2cpse2\v2cpse2-practica\week3\debug\drawable.obj
c:\ti-software\v2cpse2\v2cpse2-practica\week3\debug\factory.obj
c:\ti-software\v2cpse2\v2cpse2-practica\week3\debug\line.obj
c:\ti-software\v2cpse2\v2cpse2-practica\week3\debug\main.obj
c:\ti-software\v2cpse2\v2cpse2-practica\week3\debug\picture.obj
c:\ti-software\v2cpse2\v2cpse2-practica\week3\debug\so.obj
c:\ti-software\v2cpse2\v2cpse2-practica\debug\week3.pdb
c:\ti-software\v2cpse2\v2cpse2-practica\week3\debug\week3.tlog\cl.command.1.tlog
c:\ti-software\v2cpse2\v2cpse2-practica\week3\debug\week3.tlog\cl.read.1.tlog
c:\ti-software\v2cpse2\v2cpse2-practica\week3\debug\week3.tlog\cl.write.1.tlog
c:\ti-software\v2cpse2\v2cpse2-practica\week3\debug\week3.tlog\link-cvtres.read.1.tlog
c:\ti-software\v2cpse2\v2cpse2-practica\week3\debug\week3.tlog\link-cvtres.write.1.tlog
c:\ti-software\v2cpse2\v2cpse2-practica\week3\debug\week3.tlog\link-rc.read.1.tlog
c:\ti-software\v2cpse2\v2cpse2-practica\week3\debug\week3.tlog\link-rc.write.1.tlog
c:\ti-software\v2cpse2\v2cpse2-practica\week3\debug\week3.tlog\link.command.1.tlog
c:\ti-software\v2cpse2\v2cpse2-practica\week3\debug\week3.tlog\link.read.1.tlog
c:\ti-software\v2cpse2\v2cpse2-practica\week3\debug\week3.tlog\link.write.1.tlog
